<?xml version="1.0" encoding="UTF-8"?>
<!-- Generated by org.testng.reporters.JUnitXMLReporter -->
<testsuite hostname="z11028201" name="Default test" tests="4" failures="0" timestamp="26 Jul 2019 09:00:06 GMT" time="86.762" errors="0">
  <testcase name="f" time="21.602" classname="com.zhongkejingshang.testng.TestRun"/>
  <testcase name="f" time="21.018" classname="com.zhongkejingshang.testng.TestRun"/>
  <testcase name="f" time="21.02" classname="com.zhongkejingshang.testng.TestRun"/>
  <testcase name="f" time="21.017" classname="com.zhongkejingshang.testng.TestRun"/>
</testsuite> <!-- Default test -->
