<?xml version="1.0" encoding="UTF-8"?>
<!-- Generated by org.testng.reporters.JUnitXMLReporter -->
<testsuite hostname="z11028201" name="Test" tests="4" failures="0" timestamp="29 Jul 2019 02:26:14 GMT" time="95.061" errors="0">
  <testcase name="f" time="21.696" classname="com.zhongkejingshang.testng.TestRun"/>
  <testcase name="f" time="21.026" classname="com.zhongkejingshang.testng.TestRun"/>
  <testcase name="f" time="21.019" classname="com.zhongkejingshang.testng.TestRun"/>
  <testcase name="f" time="21.019" classname="com.zhongkejingshang.testng.TestRun"/>
</testsuite> <!-- Test -->
